<?xml version="1.0" encoding="UTF-8"?>
<testsuite name="com.uber.cadence.samples.calculation.ReplayTest" tests="1" skipped="0" failures="0" errors="0" timestamp="2025-05-21T04:40:24" hostname="Alexiss-MacBook-Pro.local" time="0.019">
  <properties/>
  <testcase name="testReplay" classname="com.uber.cadence.samples.calculation.ReplayTest" time="0.019"/>
  <system-out><![CDATA[]]></system-out>
  <system-err><![CDATA[]]></system-err>
</testsuite>
