<?xml version="1.0" encoding="UTF-8"?>
<testsuite name="com.uber.cadence.samples.hello.HelloSignalTest" tests="1" skipped="0" failures="0" errors="0" timestamp="2025-05-21T04:40:24" hostname="Alexiss-MacBook-Pro.local" time="0.005">
  <properties/>
  <testcase name="testSignal" classname="com.uber.cadence.samples.hello.HelloSignalTest" time="0.005"/>
  <system-out><![CDATA[21:40:24.735 [Test worker] INFO  c.uber.cadence.worker.WorkerFactory - shutdownNow
21:40:24.735 [Timer task] ERROR c.u.c.i.t.TestWorkflowMutableStateImpl - Failure trying to timeout a decision scheduledEventId=6
com.uber.cadence.WorkflowExecutionAlreadyCompletedError: Workflow is already completed: COMPLETED
	at com.uber.cadence.internal.testservice.TestWorkflowMutableStateImpl.checkCompleted(TestWorkflowMutableStateImpl.java:1246)
	at com.uber.cadence.internal.testservice.TestWorkflowMutableStateImpl.update(TestWorkflowMutableStateImpl.java:231)
	at com.uber.cadence.internal.testservice.TestWorkflowMutableStateImpl.completeDecisionUpdate(TestWorkflowMutableStateImpl.java:220)
	at com.uber.cadence.internal.testservice.TestWorkflowMutableStateImpl.timeoutDecisionTask(TestWorkflowMutableStateImpl.java:749)
	at com.uber.cadence.internal.testservice.TestWorkflowMutableStateImpl.lambda$startDecisionTask$0(TestWorkflowMutableStateImpl.java:320)
	at com.uber.cadence.internal.testservice.SelfAdvancingTimerImpl$TimerPump.lambda$runLocked$0(SelfAdvancingTimerImpl.java:99)
	at java.base/java.util.concurrent.ThreadPoolExecutor.runWorker(ThreadPoolExecutor.java:1128)
	at java.base/java.util.concurrent.ThreadPoolExecutor$Worker.run(ThreadPoolExecutor.java:628)
	at java.base/java.lang.Thread.run(Thread.java:829)
]]></system-out>
  <system-err><![CDATA[]]></system-err>
</testsuite>
