<?xml version="1.0" encoding="UTF-8"?>
<testsuite name="com.uber.cadence.samples.hello.HelloAsyncActivityCompletionTest" tests="1" skipped="0" failures="0" errors="0" timestamp="2025-05-21T04:40:24" hostname="Alexiss-MacBook-Pro.local" time="0.006">
  <properties/>
  <testcase name="testActivityImpl" classname="com.uber.cadence.samples.hello.HelloAsyncActivityCompletionTest" time="0.006"/>
  <system-out><![CDATA[21:40:24.729 [Time-limited test] INFO  c.uber.cadence.worker.WorkerFactory - shutdownNow
]]></system-out>
  <system-err><![CDATA[]]></system-err>
</testsuite>
